<?xml version="1.0" encoding="UTF-8"?>
<!-- Generated by org.testng.reporters.JUnitReportReporter -->
<testsuite hostname="LAPTOP-EQOIFU5J" failures="0" tests="2" name="testing.Flurn_HomepageLogin" time="11.022" errors="0" timestamp="2025-05-11T13:34:40 IST" skipped="0">
  <testcase classname="testing.Flurn_HomepageLogin" name="search" time="6.095"/>
  <system-out/>
  <testcase classname="testing.Flurn_HomepageLogin" name="Login" time="4.927"/>
  <system-out/>
</testsuite> <!-- testing.Flurn_HomepageLogin -->
